<?xml version="1.0" encoding="UTF-8"?>
<testsuite xmlns:xsi="http://www.w3.org/2001/XMLSchema-instance" xsi:noNamespaceSchemaLocation="https://maven.apache.org/surefire/maven-surefire-plugin/xsd/surefire-test-report-3.0.xsd" version="3.0" name="com.xingye.logincode.LoginCodeApplicationTests" time="6.127" tests="1" errors="0" skipped="0" failures="0">
  <properties>
[...]
</properties>
  <testcase name="contextLoads" classname="com.xingye.logincode.LoginCodeApplicationTests" time="1.267">
    <system-out><![CDATA[17:43:34.721 [main] INFO org.springframework.test.context.support.AnnotationConfigContextLoaderUtils -- Could not detect default configuration classes for test class [com.xingye.logincode.LoginCodeApplicationTests]: LoginCodeApplicationTests does not declare any static, non-private, non-final, nested classes annotated with @Configuration.
17:43:34.919 [main] INFO org.springframework.boot.test.context.SpringBootTestContextBootstrapper -- Found @SpringBootConfiguration com.xingye.LoginCodeApplication for test class com.xingye.logincode.LoginCodeApplicationTests
█████       ███████████ █████ █████ ██████   █████
▒▒███       ▒█▒▒▒▒▒▒███ ▒▒███ ▒▒███ ▒▒██████ ▒▒███
 ▒███       ▒     ███▒   ▒▒███ ███   ▒███▒███ ▒███
 ▒███            ███      ▒▒█████    ▒███▒▒███▒███
 ▒███           ███        ███▒███   ▒███ ▒▒██████
 ▒███      █  ████     █  ███ ▒▒███  ▒███  ▒▒█████
 ███████████ ███████████ █████ █████ █████  ▒▒█████
▒▒▒▒▒▒▒▒▒▒▒ ▒▒▒▒▒▒▒▒▒▒▒ ▒▒▒▒▒ ▒▒▒▒▒ ▒▒▒▒▒    ▒▒▒▒▒
2025-09-19T17:43:35.627+08:00  INFO 23380 --- [           main] c.x.logincode.LoginCodeApplicationTests  : Starting LoginCodeApplicationTests using Java 21.0.8 with PID 23380 (started by 1 in F:\develop\code\java\springboot-code\login-code)
2025-09-19T17:43:35.643+08:00  INFO 23380 --- [           main] c.x.logincode.LoginCodeApplicationTests  : No active profile set, falling back to 1 default profile: "default"
2025-09-19T17:43:36.747+08:00  INFO 23380 --- [           main] .s.d.r.c.RepositoryConfigurationDelegate : Bootstrapping Spring Data JDBC repositories in DEFAULT mode.
2025-09-19T17:43:36.774+08:00  INFO 23380 --- [           main] .s.d.r.c.RepositoryConfigurationDelegate : Finished Spring Data repository scanning in 21 ms. Found 0 JDBC repository interfaces.
Logging initialized using 'class org.apache.ibatis.logging.stdout.StdOutImpl' adapter.


,------.                           ,--.  ,--.         ,--.                         
|  .--. '  ,--,--.  ,---.   ,---.  |  '--'  |  ,---.  |  |  ,---.   ,---.  ,--.--. 
|  '--' | ' ,-.  | | .-. | | .-. : |  .--.  | | .-. : |  | | .-. | | .-. : |  .--' 
|  | --'  \ '-'  | ' '-' ' \   --. |  |  |  | \   --. |  | | '-' ' \   --. |  |    
`--'       `--`--' .`-  /   `----' `--'  `--'  `----' `--' |  |-'   `----' `--'    
                   `---'                                   `--'                        is intercepting.

2025-09-19T17:43:38.486+08:00  INFO 23380 --- [           main] com.zaxxer.hikari.HikariDataSource       : HikariPool-1 - Starting...
2025-09-19T17:43:38.998+08:00  INFO 23380 --- [           main] com.zaxxer.hikari.pool.HikariPool        : HikariPool-1 - Added connection com.mysql.cj.jdbc.ConnectionImpl@192b472d
2025-09-19T17:43:39.001+08:00  INFO 23380 --- [           main] com.zaxxer.hikari.HikariDataSource       : HikariPool-1 - Start completed.
2025-09-19T17:43:39.263+08:00  INFO 23380 --- [           main] c.x.logincode.LoginCodeApplicationTests  : Started LoginCodeApplicationTests in 4.106 seconds (process running for 6.14)
]]></system-out>
    <system-err><![CDATA[WARNING: A Java agent has been loaded dynamically (C:\Users\1\.m2\repository\net\bytebuddy\byte-buddy-agent\1.14.13\byte-buddy-agent-1.14.13.jar)
WARNING: If a serviceability tool is in use, please run with -XX:+EnableDynamicAgentLoading to hide this warning
WARNING: If a serviceability tool is not in use, please run with -Djdk.instrument.traceUsage for more information
WARNING: Dynamic loading of agents will be disallowed by default in a future release
]]></system-err>
  </testcase>
</testsuite>